INFO: [VRFC 10-163] Analyzing VHDL file "C:/Users/Veteran/Desktop/HW_5A_StackPointer-2-20-18/CPE_233_HW_5B_Int_Test_int_2-23-18/CPE_233_HW_5B_Int_Test_int_2-23-18.srcs/sources_1/imports/lab4/RAT-Microprocessor/ALU.vhd" into library xil_defaultlib
INFO: [VRFC 10-307] analyzing entity ALU
INFO: [VRFC 10-163] Analyzing VHDL file "C:/Users/Veteran/Desktop/HW_5A_StackPointer-2-20-18/CPE_233_HW_5B_Int_Test_int_2-23-18/CPE_233_HW_5B_Int_Test_int_2-23-18.srcs/sources_1/imports/lab4/RAT-Microprocessor/ControlUnit.vhd" into library xil_defaultlib
INFO: [VRFC 10-307] analyzing entity ControlUnit
INFO: [VRFC 10-163] Analyzing VHDL file "C:/Users/Veteran/Desktop/HW_5A_StackPointer-2-20-18/CPE_233_HW_5B_Int_Test_int_2-23-18/CPE_233_HW_5B_Int_Test_int_2-23-18.srcs/sources_1/new/FlagReg.vhd" into library xil_defaultlib
INFO: [VRFC 10-307] analyzing entity FlagReg
INFO: [VRFC 10-163] Analyzing VHDL file "C:/Users/Veteran/Desktop/HW_5A_StackPointer-2-20-18/CPE_233_HW_5B_Int_Test_int_2-23-18/CPE_233_HW_5B_Int_Test_int_2-23-18.srcs/sources_1/new/Flags.vhd" into library xil_defaultlib
INFO: [VRFC 10-307] analyzing entity Flags
INFO: [VRFC 10-163] Analyzing VHDL file "C:/Users/Veteran/Desktop/HW_5A_StackPointer-2-20-18/CPE_233_HW_5B_Int_Test_int_2-23-18/CPE_233_HW_5B_Int_Test_int_2-23-18.srcs/sources_1/imports/lab4/RAT-Microprocessor/MCU.vhd" into library xil_defaultlib
INFO: [VRFC 10-307] analyzing entity RAT_MCU
INFO: [VRFC 10-163] Analyzing VHDL file "C:/Users/Veteran/Desktop/HW_5A_StackPointer-2-20-18/CPE_233_HW_5B_Int_Test_int_2-23-18/CPE_233_HW_5B_Int_Test_int_2-23-18.srcs/sources_1/imports/new/PC.vhd" into library xil_defaultlib
INFO: [VRFC 10-307] analyzing entity PC
INFO: [VRFC 10-163] Analyzing VHDL file "C:/Users/Veteran/Desktop/HW_5A_StackPointer-2-20-18/CPE_233_HW_5B_Int_Test_int_2-23-18/CPE_233_HW_5B_Int_Test_int_2-23-18.srcs/sources_1/imports/new/PC_Mux.vhd" into library xil_defaultlib
INFO: [VRFC 10-307] analyzing entity PC_Mux
INFO: [VRFC 10-163] Analyzing VHDL file "C:/Users/Veteran/Desktop/HW_5A_StackPointer-2-20-18/CPE_233_HW_5B_Int_Test_int_2-23-18/CPE_233_HW_5B_Int_Test_int_2-23-18.srcs/sources_1/new/RAT_Wrapper_W17.vhd" into library xil_defaultlib
INFO: [VRFC 10-307] analyzing entity RAT_wrapper
INFO: [VRFC 10-163] Analyzing VHDL file "C:/Users/Veteran/Desktop/HW_5A_StackPointer-2-20-18/CPE_233_HW_5B_Int_Test_int_2-23-18/CPE_233_HW_5B_Int_Test_int_2-23-18.srcs/sources_1/imports/lab4/RAT-Microprocessor/RegisterFile.vhd" into library xil_defaultlib
INFO: [VRFC 10-307] analyzing entity RegisterFile
INFO: [VRFC 10-163] Analyzing VHDL file "C:/Users/Veteran/Desktop/HW_5A_StackPointer-2-20-18/CPE_233_HW_5B_Int_Test_int_2-23-18/CPE_233_HW_5B_Int_Test_int_2-23-18.srcs/sources_1/new/SCR.vhd" into library xil_defaultlib
INFO: [VRFC 10-307] analyzing entity SCR
INFO: [VRFC 10-163] Analyzing VHDL file "C:/Users/Veteran/Desktop/HW_5A_StackPointer-2-20-18/CPE_233_HW_5B_Int_Test_int_2-23-18/CPE_233_HW_5B_Int_Test_int_2-23-18.srcs/sources_1/new/SP.vhd" into library xil_defaultlib
INFO: [VRFC 10-307] analyzing entity SP
INFO: [VRFC 10-163] Analyzing VHDL file "C:/Users/Veteran/Desktop/HW_5A_StackPointer-2-20-18/CPE_233_HW_5B_Int_Test_int_2-23-18/CPE_233_HW_5B_Int_Test_int_2-23-18.srcs/sources_1/imports/Assignment 1 Support Files/counter8b.vhd" into library xil_defaultlib
INFO: [VRFC 10-307] analyzing entity COUNT_10B
INFO: [VRFC 10-163] Analyzing VHDL file "C:/Users/Veteran/Desktop/HW_5A_StackPointer-2-20-18/CPE_233_HW_5B_Int_Test_int_2-23-18/CPE_233_HW_5B_Int_Test_int_2-23-18.srcs/sources_1/imports/new/counter_for_one_shot.vhd" into library xil_defaultlib
INFO: [VRFC 10-307] analyzing entity counter
INFO: [VRFC 10-163] Analyzing VHDL file "C:/Users/Veteran/Desktop/HW_5A_StackPointer-2-20-18/CPE_233_HW_5B_Int_Test_int_2-23-18/CPE_233_HW_5B_Int_Test_int_2-23-18.srcs/sources_1/imports/new/debounce_one_shot_FSM.vhd" into library xil_defaultlib
INFO: [VRFC 10-307] analyzing entity db_1shot_FSM
INFO: [VRFC 10-163] Analyzing VHDL file "C:/Users/Veteran/Desktop/HW_5A_StackPointer-2-20-18/CPE_233_HW_5B_Int_Test_int_2-23-18/CPE_233_HW_5B_Int_Test_int_2-23-18.srcs/sources_1/imports/lab4/prog_rom.vhd" into library xil_defaultlib
INFO: [VRFC 10-307] analyzing entity prog_rom
INFO: [VRFC 10-163] Analyzing VHDL file "C:/Users/Veteran/Desktop/HW_5A_StackPointer-2-20-18/CPE_233_HW_5B_Int_Test_int_2-23-18/CPE_233_HW_5B_Int_Test_int_2-23-18.srcs/sources_1/imports/new/univ_sseg_dec.vhd" into library xil_defaultlib
INFO: [VRFC 10-307] analyzing entity sseg_dec_uni
INFO: [VRFC 10-307] analyzing entity bin2bcdconv
INFO: [VRFC 10-307] analyzing entity clk_div
INFO: [VRFC 10-163] Analyzing VHDL file "C:/Users/Veteran/Desktop/HW_5A_StackPointer-2-20-18/CPE_233_HW_5B_Int_Test_int_2-23-18/CPE_233_HW_5B_Int_Test_int_2-23-18.srcs/sim_1/new/exp4_testbench.vhd" into library xil_defaultlib
INFO: [VRFC 10-307] analyzing entity testbench
